This is pdfTeX, Version 3.141592653-2.6-1.40.25 (MiKTeX 23.12) (preloaded format=pdflatex 2024.1.24)  1 FEB 2024 19:20
entering extended mode
 restricted \write18 enabled.
 %&-line parsing enabled.
**./05_07_Experiment1.tex
(05_07_Experiment1.tex
LaTeX2e <2023-11-01> patch level 1
L3 programming layer <2024-01-04>
(C:\Users\meher\AppData\Local\Programs\MiKTeX\tex/latex/base\article.cls
Document Class: article 2023/05/17 v1.4n Standard LaTeX document class
(C:\Users\meher\AppData\Local\Programs\MiKTeX\tex/latex/base\size11.clo
File: size11.clo 2023/05/17 v1.4n Standard LaTeX file (size option)
)
\c@part=\count187
\c@section=\count188
\c@subsection=\count189
\c@subsubsection=\count190
\c@paragraph=\count191
\c@subparagraph=\count192
\c@figure=\count193
\c@table=\count194
\abovecaptionskip=\skip48
\belowcaptionskip=\skip49
\bibindent=\dimen140
)
(C:\Users\meher\AppData\Local\Programs\MiKTeX\tex/latex/graphics\graphicx.sty
Package: graphicx 2021/09/16 v1.2d Enhanced LaTeX Graphics (DPC,SPQR)

(C:\Users\meher\AppData\Local\Programs\MiKTeX\tex/latex/graphics\keyval.sty
Package: keyval 2022/05/29 v1.15 key=value parser (DPC)
\KV@toks@=\toks17
)
(C:\Users\meher\AppData\Local\Programs\MiKTeX\tex/latex/graphics\graphics.sty
Package: graphics 2022/03/10 v1.4e Standard LaTeX Graphics (DPC,SPQR)

(C:\Users\meher\AppData\Local\Programs\MiKTeX\tex/latex/graphics\trig.sty
Package: trig 2021/08/11 v1.11 sin cos tan (DPC)
)
(C:\Users\meher\AppData\Local\Programs\MiKTeX\tex/latex/graphics-cfg\graphics.c
fg
File: graphics.cfg 2016/06/04 v1.11 sample graphics configuration
)
Package graphics Info: Driver file: pdftex.def on input line 107.

(C:\Users\meher\AppData\Local\Programs\MiKTeX\tex/latex/graphics-def\pdftex.def
File: pdftex.def 2022/09/22 v1.2b Graphics/color driver for pdftex
))
\Gin@req@height=\dimen141
\Gin@req@width=\dimen142
) (C:\Users\meher\AppData\Local\Programs\MiKTeX\tex/latex/url\url.sty
\Urlmuskip=\muskip16
Package: url 2013/09/16  ver 3.4  Verb mode for urls, etc.
)
(C:\Users\meher\AppData\Local\Programs\MiKTeX\tex/latex/float\float.sty
Package: float 2001/11/08 v1.3d Float enhancements (AL)
\c@float@type=\count195
\float@exts=\toks18
\float@box=\box51
\@float@everytoks=\toks19
\@floatcapt=\box52
)
(C:\Users\meher\AppData\Local\Programs\MiKTeX\tex/latex/l3backend\l3backend-pdf
tex.def
File: l3backend-pdftex.def 2024-01-04 L3 backend support: PDF output (pdfTeX)
\l__color_backend_stack_int=\count196
\l__pdf_internal_box=\box53
) (05_07_Experiment1.aux

LaTeX Warning: Label `NSLOOKUP' multiply defined.

)
\openout1 = `05_07_Experiment1.aux'.

LaTeX Font Info:    Checking defaults for OML/cmm/m/it on input line 7.
LaTeX Font Info:    ... okay on input line 7.
LaTeX Font Info:    Checking defaults for OMS/cmsy/m/n on input line 7.
LaTeX Font Info:    ... okay on input line 7.
LaTeX Font Info:    Checking defaults for OT1/cmr/m/n on input line 7.
LaTeX Font Info:    ... okay on input line 7.
LaTeX Font Info:    Checking defaults for T1/cmr/m/n on input line 7.
LaTeX Font Info:    ... okay on input line 7.
LaTeX Font Info:    Checking defaults for TS1/cmr/m/n on input line 7.
LaTeX Font Info:    ... okay on input line 7.
LaTeX Font Info:    Checking defaults for OMX/cmex/m/n on input line 7.
LaTeX Font Info:    ... okay on input line 7.
LaTeX Font Info:    Checking defaults for U/cmr/m/n on input line 7.
LaTeX Font Info:    ... okay on input line 7.

(C:\Users\meher\AppData\Local\Programs\MiKTeX\tex/context/base/mkii\supp-pdf.mk
ii
[Loading MPS to PDF converter (version 2006.09.02).]
\scratchcounter=\count197
\scratchdimen=\dimen143
\scratchbox=\box54
\nofMPsegments=\count198
\nofMParguments=\count199
\everyMPshowfont=\toks20
\MPscratchCnt=\count266
\MPscratchDim=\dimen144
\MPnumerator=\count267
\makeMPintoPDFobject=\count268
\everyMPtoPDFconversion=\toks21
)
(C:\Users\meher\AppData\Local\Programs\MiKTeX\tex/latex/epstopdf-pkg\epstopdf-b
ase.sty
Package: epstopdf-base 2020-01-24 v2.11 Base part for package epstopdf
Package epstopdf-base Info: Redefining graphics rule for `.eps' on input line 4
85.

(C:\Users\meher\AppData\Local\Programs\MiKTeX\tex/latex/00miktex\epstopdf-sys.c
fg
File: epstopdf-sys.cfg 2021/03/18 v2.0 Configuration of epstopdf for MiKTeX
))
<res/du.png, id=1, 808.01875pt x 1027.84pt>
File: res/du.png Graphic file (type png)
<use res/du.png>
Package pdftex.def Info: res/du.png  used on input line 11.
(pdftex.def)             Requested size: 80.80661pt x 102.79001pt.
 [1

{C:/Users/meher/AppData/Local/MiKTeX/fonts/map/pdftex/pdftex.map} <./res/du.png
>] [1]
Overfull \hbox (15.47874pt too wide) in paragraph at lines 59--60
[]\OT1/cmr/bx/n/10.95 ARP: \OT1/cmr/m/n/10.95 ARP, which stands for Ad-dress Re
s-o-lu-tion Pro-to-col, is a command-
 []


Overfull \hbox (2.47572pt too wide) in paragraph at lines 72--73
\OT1/cmr/m/n/10.95 To get in-sights re-gard-ing net-work-ing re-sources, we wen
t into dif-fer-ent sources,
 []

<res/ping 1.png, id=17, 817.25325pt x 587.19376pt>
File: res/ping 1.png Graphic file (type png)
<use res/ping 1.png>
Package pdftex.def Info: res/ping 1.png  used on input line 82.
(pdftex.def)             Requested size: 360.0pt x 258.65276pt.
[2]
<res/ping 2.png, id=23, 802.197pt x 187.29974pt>
File: res/ping 2.png Graphic file (type png)
<use res/ping 2.png>
Package pdftex.def Info: res/ping 2.png  used on input line 90.
(pdftex.def)             Requested size: 360.0pt x 84.0526pt.
<res/traceroute 1.png, id=24, 1054.53975pt x 245.11575pt>
File: res/traceroute 1.png Graphic file (type png)
<use res/traceroute 1.png>
Package pdftex.def Info: res/traceroute 1.png  used on input line 100.
(pdftex.def)             Requested size: 360.0pt x 83.67485pt.
 [3 <./res/ping 1.png> <./res/ping 2.png>]
<res/traceroute 2.png, id=30, 1127.412pt x 323.40825pt>
File: res/traceroute 2.png Graphic file (type png)
<use res/traceroute 2.png>
Package pdftex.def Info: res/traceroute 2.png  used on input line 108.
(pdftex.def)             Requested size: 360.0pt x 103.26575pt.
<res/traceroute 3.png, id=31, 1139.457pt x 224.037pt>
File: res/traceroute 3.png Graphic file (type png)
<use res/traceroute 3.png>
Package pdftex.def Info: res/traceroute 3.png  used on input line 113.
(pdftex.def)             Requested size: 360.0pt x 70.78055pt.
<res/traceroute 4.png, id=32, 808.2195pt x 160.1985pt>
File: res/traceroute 4.png Graphic file (type png)
<use res/traceroute 4.png>
Package pdftex.def Info: res/traceroute 4.png  used on input line 117.
(pdftex.def)             Requested size: 360.0pt x 71.35777pt.
<res/traceroute 5.png, id=33, 603.4545pt x 218.0145pt>
File: res/traceroute 5.png Graphic file (type png)
<use res/traceroute 5.png>
Package pdftex.def Info: res/traceroute 5.png  used on input line 121.
(pdftex.def)             Requested size: 360.0pt x 130.0612pt.
<res/traceroute 6.png, id=34, 672.111pt x 223.43475pt>
File: res/traceroute 6.png Graphic file (type png)
<use res/traceroute 6.png>
Package pdftex.def Info: res/traceroute 6.png  used on input line 125.
(pdftex.def)             Requested size: 360.0pt x 119.67789pt.
 [4 <./res/traceroute 1.png> <./res/traceroute 2.png> <./res/traceroute 3.png> 
<./res/traceroute 4.png>]
<res/traceroute 7.png, id=42, 1048.51724pt x 91.542pt>
File: res/traceroute 7.png Graphic file (type png)
<use res/traceroute 7.png>
Package pdftex.def Info: res/traceroute 7.png  used on input line 129.
(pdftex.def)             Requested size: 360.0pt x 31.42976pt.
<res/traceroute 8.png, id=43, 1067.187pt x 221.02576pt>
File: res/traceroute 8.png Graphic file (type png)
<use res/traceroute 8.png>
Package pdftex.def Info: res/traceroute 8.png  used on input line 133.
(pdftex.def)             Requested size: 360.0pt x 74.56093pt.
<res/traceroute 9.png, id=44, 1139.457pt x 236.68425pt>
File: res/traceroute 9.png Graphic file (type png)
<use res/traceroute 9.png>
Package pdftex.def Info: res/traceroute 9.png  used on input line 137.
(pdftex.def)             Requested size: 360.0pt x 74.77623pt.
<res/traceroute 10.png, id=45, 1065.9825pt x 241.50224pt>
File: res/traceroute 10.png Graphic file (type png)
<use res/traceroute 10.png>
Package pdftex.def Info: res/traceroute 10.png  used on input line 141.
(pdftex.def)             Requested size: 360.0pt x 81.55692pt.
 [5 <./res/traceroute 5.png> <./res/traceroute 6.png> <./res/traceroute 7.png> 
<./res/traceroute 8.png> <./res/traceroute 9.png>]
<res/ifconfig 1.png, id=54, 624.53325pt x 361.35pt>
File: res/ifconfig 1.png Graphic file (type png)
<use res/ifconfig 1.png>
Package pdftex.def Info: res/ifconfig 1.png  used on input line 153.
(pdftex.def)             Requested size: 360.0pt x 208.29292pt.
<res/ifconfig 2.png, id=55, 611.28375pt x 353.52075pt>
File: res/ifconfig 2.png Graphic file (type png)
<use res/ifconfig 2.png>
Package pdftex.def Info: res/ifconfig 2.png  used on input line 161.
(pdftex.def)             Requested size: 360.0pt x 208.19243pt.
 [6 <./res/traceroute 10.png> <./res/ifconfig 1.png>]
<res/ifconfig 3.png, id=62, 608.2725pt x 199.947pt>
File: res/ifconfig 3.png Graphic file (type png)
<use res/ifconfig 3.png>
Package pdftex.def Info: res/ifconfig 3.png  used on input line 169.
(pdftex.def)             Requested size: 360.0pt x 118.3399pt.
<res/ifconfig 4.png, id=63, 360.1455pt x 31.91925pt>
File: res/ifconfig 4.png Graphic file (type png)
<use res/ifconfig 4.png>
Package pdftex.def Info: res/ifconfig 4.png  used on input line 177.
(pdftex.def)             Requested size: 360.0pt x 31.90794pt.
 [7 <./res/ifconfig 2.png> <./res/ifconfig 3.png>]
<res/arp 1.png, id=69, 1065.9825pt x 239.09325pt>
File: res/arp 1.png Graphic file (type png)
<use res/arp 1.png>
Package pdftex.def Info: res/arp 1.png  used on input line 187.
(pdftex.def)             Requested size: 360.0pt x 80.74338pt.
<res/arp 2.png, id=70, 663.07726pt x 254.1495pt>
File: res/arp 2.png Graphic file (type png)
<use res/arp 2.png>
Package pdftex.def Info: res/arp 2.png  used on input line 197.
(pdftex.def)             Requested size: 360.0pt x 137.98326pt.
 [8 <./res/ifconfig 4.png> <./res/arp 1.png> <./res/arp 2.png>]
<res/rarp 1.png, id=77, 308.352pt x 46.9755pt>
File: res/rarp 1.png Graphic file (type png)
<use res/rarp 1.png>
Package pdftex.def Info: res/rarp 1.png  used on input line 207.
(pdftex.def)             Requested size: 360.0pt x 54.84497pt.
<res/nslookup 1.png, id=78, 472.76625pt x 194.52675pt>
File: res/nslookup 1.png Graphic file (type png)
<use res/nslookup 1.png>
Package pdftex.def Info: res/nslookup 1.png  used on input line 217.
(pdftex.def)             Requested size: 360.0pt x 148.12978pt.
<res/nslookup 3.png, id=79, 763.05075pt x 517.935pt>
File: res/nslookup 3.png Graphic file (type png)
<use res/nslookup 3.png>
Package pdftex.def Info: res/nslookup 3.png  used on input line 225.
(pdftex.def)             Requested size: 360.0pt x 244.36203pt.
<res/nslookup 4.png, id=80, 570.33075pt x 233.07076pt>
File: res/nslookup 4.png Graphic file (type png)
<use res/nslookup 4.png>
Package pdftex.def Info: res/nslookup 4.png  used on input line 230.
(pdftex.def)             Requested size: 360.0pt x 147.11986pt.
 [9 <./res/rarp 1.png> <./res/nslookup 1.png>]
<res/nslookup 5.png, id=86, 563.10374pt x 160.80075pt>
File: res/nslookup 5.png Graphic file (type png)
<use res/nslookup 5.png>
Package pdftex.def Info: res/nslookup 5.png  used on input line 235.
(pdftex.def)             Requested size: 360.0pt x 102.8017pt.
<res/nslookup 6.png, id=87, 552.26324pt x 181.27725pt>
File: res/nslookup 6.png Graphic file (type png)
<use res/nslookup 6.png>
Package pdftex.def Info: res/nslookup 6.png  used on input line 240.
(pdftex.def)             Requested size: 360.0pt x 118.16904pt.
 [10 <./res/nslookup 3.png> <./res/nslookup 4.png>]
<res/nslookup 7.png, id=93, 892.5345pt x 377.61075pt>
File: res/nslookup 7.png Graphic file (type png)
<use res/nslookup 7.png>
Package pdftex.def Info: res/nslookup 7.png  used on input line 245.
(pdftex.def)             Requested size: 360.0pt x 152.30347pt.
 [11 <./res/nslookup 5.png> <./res/nslookup 6.png> <./res/nslookup 7.png>]
<res/netstat 1.png, id=100, 530.58224pt x 576.35326pt>
File: res/netstat 1.png Graphic file (type png)
<use res/netstat 1.png>
Package pdftex.def Info: res/netstat 1.png  used on input line 256.
(pdftex.def)             Requested size: 360.0pt x 391.06197pt.
<res/netstat 2.png, id=101, 707.64375pt x 585.387pt>
File: res/netstat 2.png Graphic file (type png)
<use res/netstat 2.png>
Package pdftex.def Info: res/netstat 2.png  used on input line 261.
(pdftex.def)             Requested size: 360.0pt x 297.81096pt.
<res/netstat 3.png, id=102, 601.0455pt x 138.5175pt>
File: res/netstat 3.png Graphic file (type png)
<use res/netstat 3.png>
Package pdftex.def Info: res/netstat 3.png  used on input line 266.
(pdftex.def)             Requested size: 360.0pt x 82.9674pt.
 [12 <./res/netstat 1.png>]
<res/netstat 4.png, id=108, 652.23676pt x 133.6995pt>
File: res/netstat 4.png Graphic file (type png)
<use res/netstat 4.png>
Package pdftex.def Info: res/netstat 4.png  used on input line 271.
(pdftex.def)             Requested size: 360.0pt x 73.79607pt.
<res/netstat 5.png, id=109, 515.526pt x 529.98pt>
File: res/netstat 5.png Graphic file (type png)
<use res/netstat 5.png>
Package pdftex.def Info: res/netstat 5.png  used on input line 276.
(pdftex.def)             Requested size: 360.0pt x 370.11008pt.
 [13 <./res/netstat 2.png> <./res/netstat 3.png>]
<res/netstat 6.png, id=115, 557.08125pt x 124.66576pt>
File: res/netstat 6.png Graphic file (type png)
<use res/netstat 6.png>
Package pdftex.def Info: res/netstat 6.png  used on input line 281.
(pdftex.def)             Requested size: 360.0pt x 80.56381pt.
<res/netstat 7.png, id=116, 549.252pt x 120.45pt>
File: res/netstat 7.png Graphic file (type png)
<use res/netstat 7.png>
Package pdftex.def Info: res/netstat 7.png  used on input line 286.
(pdftex.def)             Requested size: 360.0pt x 78.94586pt.
 [14 <./res/netstat 4.png> <./res/netstat 5.png>]
<res/netstat 8.png, id=122, 790.152pt x 422.17725pt>
File: res/netstat 8.png Graphic file (type png)
<use res/netstat 8.png>
Package pdftex.def Info: res/netstat 8.png  used on input line 291.
(pdftex.def)             Requested size: 360.0pt x 192.34862pt.
<res/netstat 9.png, id=123, 484.81125pt x 582.978pt>
File: res/netstat 9.png Graphic file (type png)
<use res/netstat 9.png>
Package pdftex.def Info: res/netstat 9.png  used on input line 296.
(pdftex.def)             Requested size: 360.0pt x 432.9181pt.
<res/netstat 10.png, id=124, 569.7285pt x 564.30824pt>
File: res/netstat 10.png Graphic file (type png)
<use res/netstat 10.png>
Package pdftex.def Info: res/netstat 10.png  used on input line 301.
(pdftex.def)             Requested size: 360.0pt x 356.57518pt.
 [15 <./res/netstat 6.png> <./res/netstat 7.png> <./res/netstat 8.png>]
<res/netstat 11.png, id=131, 505.89pt x 387.24675pt>
File: res/netstat 11.png Graphic file (type png)
<use res/netstat 11.png>
Package pdftex.def Info: res/netstat 11.png  used on input line 306.
(pdftex.def)             Requested size: 360.0pt x 275.57344pt.
 [16 <./res/netstat 9.png>]
<res/netstat 12.png, id=136, 735.34724pt x 109.6095pt>
File: res/netstat 12.png Graphic file (type png)
<use res/netstat 12.png>
Package pdftex.def Info: res/netstat 12.png  used on input line 311.
(pdftex.def)             Requested size: 360.0pt x 53.6606pt.
 [17 <./res/netstat 10.png>]
<res/netstat 13.png, id=141, 737.75626pt x 513.117pt>
File: res/netstat 13.png Graphic file (type png)
<use res/netstat 13.png>
Package pdftex.def Info: res/netstat 13.png  used on input line 316.
(pdftex.def)             Requested size: 360.0pt x 250.38037pt.
<res/netstat 14.png, id=142, 696.80325pt x 582.37575pt>
File: res/netstat 14.png Graphic file (type png)
<use res/netstat 14.png>
Package pdftex.def Info: res/netstat 14.png  used on input line 321.
(pdftex.def)             Requested size: 360.0pt x 300.88213pt.

[18 <./res/netstat 11.png> <./res/netstat 12.png>] [19 <./res/netstat 13.png>]
[20 <./res/netstat 14.png>]
LaTeX Font Info:    External font `cmex10' loaded for size
(Font)              <10.95> on input line 339.
LaTeX Font Info:    External font `cmex10' loaded for size
(Font)              <8> on input line 339.
LaTeX Font Info:    External font `cmex10' loaded for size
(Font)              <6> on input line 339.

Underfull \hbox (badness 10000) in paragraph at lines 335--340
[]\OT1/cmr/m/n/10.95 PING: $\OT1/cmtt/m/n/10.95 https : / / pimylifeup . com / 
ubuntu-[]ping / # : [] : text =
 []


Underfull \hbox (badness 10000) in paragraph at lines 335--340
\OT1/cmtt/m/n/10.95 Example % 20of % 20Limiting % 20the % 20Number % 20of % 20p
ings %
 []


Underfull \hbox (badness 10000) in paragraph at lines 335--340
\OT1/cmtt/m/n/10.95 20on % 20Ubuntu & amp ; text = To % 20achieve % 20this % 2C
 % 20we % 20use ,[]
 []


Underfull \hbox (badness 10000) in paragraph at lines 335--340
\OT1/cmtt/m/n/10.95 the % 20destination % 20for % 20our % 20pings . &amp ; text
 = After %
 []


Underfull \hbox (badness 10000) in paragraph at lines 335--340
\OT1/cmtt/m/n/10.95 20running % 20this % 20command % 2C % 20your ,[] to % 20sto
p % 20the %
 []


Underfull \hbox (badness 10000) in paragraph at lines 340--341
[]\OT1/cmr/m/n/10.95 TRACEROUTE: $\OT1/cmtt/m/n/10.95 https : / / cloudinfrastr
uctureservices . co . uk /
 []


Underfull \hbox (badness 10000) in paragraph at lines 341--342
[]\OT1/cmr/m/n/10.95 IFCONFIG: $\OT1/cmtt/m/n/10.95 https : / / www . tecmint .
 com /
 []


Underfull \hbox (badness 10000) in paragraph at lines 342--343
[]\OT1/cmr/m/n/10.95 ARP: $\OT1/cmtt/m/n/10.95 https : / / www . geeksforgeeks 
. org /
 []


Underfull \hbox (badness 10000) in paragraph at lines 344--345
[]\OT1/cmr/m/n/10.95 NSLOOKUP: $\OT1/cmtt/m/n/10.95 https : / / www . geeksforg
eeks . org /
 []


Underfull \hbox (badness 10000) in paragraph at lines 345--346
[]\OT1/cmr/m/n/10.95 NETSTAT: $\OT1/cmtt/m/n/10.95 https : / / www . geeksforge
eks . org /
 []


Underfull \hbox (badness 10000) in paragraph at lines 346--347
[]\OT1/cmr/m/n/10.95 NSLOOKUP: $\OT1/cmtt/m/n/10.95 https : / / www . geeksforg
eeks . org /
 []


Underfull \hbox (badness 10000) in paragraph at lines 347--348
[]\OT1/cmr/m/n/10.95 MindMajix: $\OT1/cmtt/m/n/10.95 https : / / mindmajix . co
m /
 []

[21] (05_07_Experiment1.aux)
 ***********
LaTeX2e <2023-11-01> patch level 1
L3 programming layer <2024-01-04>
 ***********


LaTeX Warning: There were multiply-defined labels.

 ) 
Here is how much of TeX's memory you used:
 1771 strings out of 474486
 31784 string characters out of 5743755
 1933542 words of memory out of 5000000
 24083 multiletter control sequences out of 15000+600000
 563781 words of font info for 55 fonts, out of 8000000 for 9000
 1141 hyphenation exceptions out of 8191
 57i,7n,65p,747b,338s stack positions out of 10000i,1000n,20000p,200000b,200000s
 <C:\Users\meher\AppData\Local\MiKTeX\fonts/pk/ljfour/jknappen/ec/dpi600\tcrm
1095.pk><C:/Users/meher/AppData/Local/Programs/MiKTeX/fonts/type1/public/amsfon
ts/cm/cmbx10.pfb><C:/Users/meher/AppData/Local/Programs/MiKTeX/fonts/type1/publ
ic/amsfonts/cm/cmbx12.pfb><C:/Users/meher/AppData/Local/Programs/MiKTeX/fonts/t
ype1/public/amsfonts/cm/cmcsc10.pfb><C:/Users/meher/AppData/Local/Programs/MiKT
eX/fonts/type1/public/amsfonts/cm/cmr10.pfb><C:/Users/meher/AppData/Local/Progr
ams/MiKTeX/fonts/type1/public/amsfonts/cm/cmr12.pfb><C:/Users/meher/AppData/Loc
al/Programs/MiKTeX/fonts/type1/public/amsfonts/cm/cmti10.pfb><C:/Users/meher/Ap
pData/Local/Programs/MiKTeX/fonts/type1/public/amsfonts/cm/cmtt10.pfb>
Output written on 05_07_Experiment1.pdf (22 pages, 16596397 bytes).
PDF statistics:
 194 PDF objects out of 1000 (max. 8388607)
 0 named destinations out of 1000 (max. 500000)
 201 words of extra memory for PDF output out of 10000 (max. 10000000)

